<?xml version="1.0" encoding="UTF-8"?>
<!-- Generated by org.testng.reporters.JUnitReportReporter -->
<testsuite hostname="Sreekanth_Yedla" failures="0" tests="1" name="com.wellbee.doctors.Practice2" time="1.371" errors="0" timestamp="2022-12-21T16:02:28 IST" skipped="0">
  <testcase classname="com.wellbee.doctors.Practice2" name="practice2" time="1.371"/>
  <system-out/>
</testsuite> <!-- com.wellbee.doctors.Practice2 -->
