<?xml version="1.0" encoding="UTF-8"?>
<!-- Generated by org.testng.reporters.JUnitReportReporter -->
<testsuite hostname="Sreekanth_Yedla" failures="0" tests="3" name="com.wellbee.doctorsPractice.DataProviderPractice" time="0.015" errors="0" timestamp="2022-12-16T14:56:17 IST" skipped="0">
  <testcase classname="com.wellbee.doctorsPractice.DataProviderPractice" name="dataProviderTest" time="0.001"/>
  <system-out/>
  <testcase classname="com.wellbee.doctorsPractice.DataProviderPractice" name="dataProviderTest" time="0.001"/>
  <system-out/>
  <testcase classname="com.wellbee.doctorsPractice.DataProviderPractice" name="dataProviderTest" time="0.013"/>
  <system-out/>
</testsuite> <!-- com.wellbee.doctorsPractice.DataProviderPractice -->
