<?xml version="1.0" encoding="UTF-8"?>
<!-- Generated by org.testng.reporters.JUnitReportReporter -->
<testsuite hostname="Sreekanth_Yedla" failures="0" tests="1" name="com.wellbee.doctors.VadiationDoctorITTest" time="3.784" errors="0" timestamp="2022-12-21T15:21:25 IST" skipped="0">
  <testcase classname="com.wellbee.doctors.VadiationDoctorITTest" name="test2" time="3.784"/>
  <system-out/>
</testsuite> <!-- com.wellbee.doctors.VadiationDoctorITTest -->
