<?xml version="1.0" encoding="UTF-8"?>
<!-- Generated by org.testng.reporters.JUnitReportReporter -->
<testsuite hostname="Sreekanth" failures="0" tests="1" name="com.wellbee.doctors.AddDoctorTest" time="8.016" errors="0" timestamp="2022-12-26T17:22:58 IST" skipped="0">
  <testcase classname="com.wellbee.doctors.AddDoctorTest" name="test" time="8.016"/>
  <system-out/>
</testsuite> <!-- com.wellbee.doctors.AddDoctorTest -->
