<?xml version="1.0" encoding="UTF-8"?>
<!-- Generated by org.testng.reporters.JUnitReportReporter -->
<testsuite hostname="Sreekanth_Yedla" failures="0" tests="1" name="com.wellbee.doctors.Practice3" time="1.272" errors="0" timestamp="2022-12-21T16:02:28 IST" skipped="0">
  <testcase classname="com.wellbee.doctors.Practice3" name="practice3" time="1.272"/>
  <system-out/>
</testsuite> <!-- com.wellbee.doctors.Practice3 -->
