<?xml version="1.0" encoding="UTF-8"?>
<!-- Generated by org.testng.reporters.JUnitReportReporter -->
<testsuite hostname="Sreekanth_Yedla" failures="0" tests="1" name="com.wellbee.doctors.AddDoctorCheckITTest" time="2.105" errors="0" timestamp="15 Dec 2022 09:56:59 GMT">
  <testcase classname="com.wellbee.doctors.AddDoctorCheckITTest" name="addDoctorIT" time="2.105"/>
</testsuite> <!-- com.wellbee.doctors.AddDoctorCheckITTest -->
