<?xml version="1.0" encoding="UTF-8"?>
<!-- Generated by org.testng.reporters.JUnitReportReporter -->
<testsuite hostname="Sreekanth_Yedla" failures="0" tests="2" name="com.wellbee.doctors.AddDoctorCheckITTest" time="5.898" errors="0" timestamp="2022-12-21T16:02:28 IST" skipped="0">
  <testcase classname="com.wellbee.doctors.AddDoctorCheckITTest" name="addDoctorIT" time="5.270"/>
  <system-out/>
  <testcase classname="com.wellbee.doctors.AddDoctorCheckITTest" name="sampleTest" time="0.628"/>
  <system-out/>
</testsuite> <!-- com.wellbee.doctors.AddDoctorCheckITTest -->
