<?xml version="1.0" encoding="UTF-8"?>
<!-- Generated by org.testng.reporters.JUnitReportReporter -->
<testsuite hostname="Sreekanth_Yedla" failures="0" tests="1" name="com.wellbee.doctors.Practice1" time="1.229" errors="0" timestamp="2022-12-21T16:02:28 IST" skipped="0">
  <testcase classname="com.wellbee.doctors.Practice1" name="practice1" time="1.229"/>
  <system-out/>
</testsuite> <!-- com.wellbee.doctors.Practice1 -->
