<?xml version="1.0" encoding="UTF-8"?>
<!-- Generated by org.testng.reporters.JUnitReportReporter -->
<testsuite hostname="Sreekanth_Yedla" failures="0" tests="1" name="com.wellbee.doctors.AddDoctorTest" time="5.170" errors="0" timestamp="15 Dec 2022 09:56:59 GMT">
  <testcase classname="com.wellbee.doctors.AddDoctorTest" name="test" time="5.170"/>
</testsuite> <!-- com.wellbee.doctors.AddDoctorTest -->
