<?xml version="1.0" encoding="UTF-8"?>
<!-- Generated by org.testng.reporters.JUnitReportReporter -->
<testsuite hostname="Sreekanth_Yedla" failures="0" tests="1" name="com.wellbee.doctorsPractice.FetchDataFromCMD" time="0.013" errors="0" timestamp="15 Dec 2022 09:49:13 GMT">
  <testcase classname="com.wellbee.doctorsPractice.FetchDataFromCMD" name="test" time="0.013"/>
</testsuite> <!-- com.wellbee.doctorsPractice.FetchDataFromCMD -->
